<?xml version="1.0" encoding="UTF-8"?>
<!-- Generated by org.testng.reporters.JUnitReportReporter -->
<testsuite hostname="MUKESHN-WIN10" failures="1" tests="1" name="TestCases.SS_PlayListPageTestCases" time="64.450" errors="0" timestamp="2024-09-20T11:48:58 IST" skipped="0">
  <testcase classname="TestCases.SS_PlayListPageTestCases" name="ValidateOfNavigationofAtrisitToMediaPageForTrendingArtistPageInPlayListPage" time="64.450">
    <failure message="expected [SunoSunao] but found [SKIP]" type="java.lang.AssertionError">
      <![CDATA[java.lang.AssertionError: expected [SunoSunao] but found [SKIP]
at org.testng.Assert.fail(Assert.java:110)
at org.testng.Assert.failNotEquals(Assert.java:1577)
at org.testng.Assert.assertEqualsImpl(Assert.java:149)
at org.testng.Assert.assertEquals(Assert.java:131)
at org.testng.Assert.assertEquals(Assert.java:655)
at org.testng.Assert.assertEquals(Assert.java:665)
at com.assertions.MobWebAssertion.assertEquals(MobWebAssertion.java:43)
at TestCases.SS_PlayListPageTestCases.ValidateOfNavigationofAtrisitToMediaPageForTrendingArtistPageInPlayListPage(SS_PlayListPageTestCases.java:288)
at java.base/jdk.internal.reflect.DirectMethodHandleAccessor.invoke(DirectMethodHandleAccessor.java:104)
at java.base/java.lang.reflect.Method.invoke(Method.java:578)
at org.testng.internal.invokers.MethodInvocationHelper.invokeMethod(MethodInvocationHelper.java:139)
at org.testng.internal.invokers.TestInvoker.invokeMethod(TestInvoker.java:677)
at org.testng.internal.invokers.TestInvoker.invokeTestMethod(TestInvoker.java:221)
at org.testng.internal.invokers.MethodRunner.runInSequence(MethodRunner.java:50)
at org.testng.internal.invokers.TestInvoker$MethodInvocationAgent.invoke(TestInvoker.java:969)
at org.testng.internal.invokers.TestInvoker.invokeTestMethods(TestInvoker.java:194)
at org.testng.internal.invokers.TestMethodWorker.invokeTestMethods(TestMethodWorker.java:148)
at org.testng.internal.invokers.TestMethodWorker.run(TestMethodWorker.java:128)
at java.base/java.util.ArrayList.forEach(ArrayList.java:1511)
at org.testng.TestRunner.privateRun(TestRunner.java:829)
at org.testng.TestRunner.run(TestRunner.java:602)
at org.testng.SuiteRunner.runTest(SuiteRunner.java:437)
at org.testng.SuiteRunner.runSequentially(SuiteRunner.java:431)
at org.testng.SuiteRunner.privateRun(SuiteRunner.java:391)
at org.testng.SuiteRunner.run(SuiteRunner.java:330)
at org.testng.SuiteRunnerWorker.runSuite(SuiteRunnerWorker.java:52)
at org.testng.SuiteRunnerWorker.run(SuiteRunnerWorker.java:95)
at org.testng.TestNG.runSuitesSequentially(TestNG.java:1256)
at org.testng.TestNG.runSuitesLocally(TestNG.java:1176)
at org.testng.TestNG.runSuites(TestNG.java:1099)
at org.testng.TestNG.run(TestNG.java:1067)
at org.testng.remote.AbstractRemoteTestNG.run(AbstractRemoteTestNG.java:115)
at org.testng.remote.RemoteTestNG.initAndRun(RemoteTestNG.java:251)
at org.testng.remote.RemoteTestNG.main(RemoteTestNG.java:77)
]]>
    </failure>
  </testcase> <!-- ValidateOfNavigationofAtrisitToMediaPageForTrendingArtistPageInPlayListPage -->
  <system-out>
    <![CDATA[Failure ScreenShot : ValidateOfNavigationofAtrisitToMediaPageForTrendingArtistPageInPlayListPage
<a href='D:\Eclipse\Profoam\ProFoamApp\ProFoamApp\Screenshots\android_MFSEmulator\2024-09-20-11-48-56\SS_PlayListPageTestCases\ValidateOfNavigationofAtrisitToMediaPageForTrendingArtistPageInPlayListPage.png'> <img src='D:\Eclipse\Profoam\ProFoamApp\ProFoamApp\Screenshots\android_MFSEmulator\2024-09-20-11-48-56\SS_PlayListPageTestCases\ValidateOfNavigationofAtrisitToMediaPageForTrendingArtistPageInPlayListPage.png' height='400' width='400'/> </a>]]>
  </system-out>
</testsuite> <!-- TestCases.SS_PlayListPageTestCases -->
